<?xml version="1.0" encoding="UTF-8"?>
<coverage generated="1592426980901" clover="3.2.0">
  <project timestamp="1592426980902" name="All files">
    <metrics statements="15" coveredstatements="6" conditionals="4" coveredconditionals="0" methods="2" coveredmethods="2" elements="21" coveredelements="8" complexity="0" loc="15" ncloc="15" packages="1" files="1" classes="1"/>
    <file name="validator.js" path="C:\Users\Yndira\Desktop\proyecto luhn\SCL014-card-validation\src\validator.js">
      <metrics statements="15" coveredstatements="6" conditionals="4" coveredconditionals="0" methods="2" coveredmethods="2"/>
      <line num="1" count="1" type="stmt"/>
      <line num="4" count="2" type="stmt"/>
      <line num="6" count="2" type="stmt"/>
      <line num="7" count="2" type="stmt"/>
      <line num="10" count="0" type="stmt"/>
      <line num="11" count="0" type="cond" truecount="0" falsecount="2"/>
      <line num="12" count="0" type="stmt"/>
      <line num="13" count="0" type="stmt"/>
      <line num="18" count="0" type="stmt"/>
      <line num="19" count="0" type="stmt"/>
      <line num="22" count="0" type="cond" truecount="0" falsecount="2"/>
      <line num="24" count="0" type="stmt"/>
      <line num="28" count="0" type="stmt"/>
      <line num="35" count="3" type="stmt"/>
      <line num="36" count="3" type="stmt"/>
    </file>
  </project>
</coverage>
