<?xml version="1.0" encoding="UTF-8"?>
<coverage generated="1592504061815" clover="3.2.0">
  <project timestamp="1592504061815" name="All files">
    <metrics statements="23" coveredstatements="23" conditionals="6" coveredconditionals="6" methods="4" coveredmethods="4" elements="33" coveredelements="33" complexity="0" loc="23" ncloc="23" packages="1" files="1" classes="1"/>
    <file name="validator.js" path="C:\Users\Yndira\Desktop\proyecto luhn\SCL014-card-validation\src\validator.js">
      <metrics statements="23" coveredstatements="23" conditionals="6" coveredconditionals="6" methods="4" coveredmethods="4"/>
      <line num="1" count="1" type="stmt"/>
      <line num="4" count="2" type="stmt"/>
      <line num="5" count="2" type="stmt"/>
      <line num="6" count="2" type="stmt"/>
      <line num="7" count="2" type="stmt"/>
      <line num="8" count="2" type="stmt"/>
      <line num="10" count="2" type="stmt"/>
      <line num="11" count="25" type="cond" truecount="2" falsecount="0"/>
      <line num="12" count="13" type="stmt"/>
      <line num="15" count="12" type="stmt"/>
      <line num="23" count="2" type="stmt"/>
      <line num="24" count="13" type="cond" truecount="2" falsecount="0"/>
      <line num="25" count="3" type="stmt"/>
      <line num="26" count="3" type="stmt"/>
      <line num="29" count="10" type="stmt"/>
      <line num="34" count="12" type="stmt"/>
      <line num="36" count="13" type="stmt"/>
      <line num="40" count="2" type="stmt"/>
      <line num="43" count="2" type="cond" truecount="2" falsecount="0"/>
      <line num="45" count="1" type="stmt"/>
      <line num="49" count="1" type="stmt"/>
      <line num="56" count="3" type="stmt"/>
      <line num="57" count="3" type="stmt"/>
    </file>
  </project>
</coverage>
