{"C:\\Users\\Yndira\\Desktop\\proyecto luhn\\SCL014-card-validation\\src\\validator.js": {"path":"C:\\Users\\Yndira\\Desktop\\proyecto luhn\\SCL014-card-validation\\src\\validator.js","statementMap":{"0":{"start":{"line":1,"column":19},"end":{"line":38,"column":3}},"1":{"start":{"line":4,"column":27},"end":{"line":4,"column":28}},"2":{"start":{"line":6,"column":6},"end":{"line":8,"column":7}},"3":{"start":{"line":6,"column":17},"end":{"line":6,"column":18}},"4":{"start":{"line":7,"column":10},"end":{"line":7,"column":44}},"5":{"start":{"line":10,"column":6},"end":{"line":16,"column":5}},"6":{"start":{"line":10,"column":17},"end":{"line":10,"column":18}},"7":{"start":{"line":11,"column":10},"end":{"line":15,"column":7}},"8":{"start":{"line":12,"column":21},"end":{"line":12,"column":70}},"9":{"start":{"line":13,"column":10},"end":{"line":13,"column":32}},"10":{"start":{"line":18,"column":6},"end":{"line":21,"column":7}},"11":{"start":{"line":18,"column":17},"end":{"line":18,"column":18}},"12":{"start":{"line":19,"column":10},"end":{"line":19,"column":43}},"13":{"start":{"line":22,"column":6},"end":{"line":29,"column":7}},"14":{"start":{"line":24,"column":10},"end":{"line":24,"column":22}},"15":{"start":{"line":28,"column":10},"end":{"line":28,"column":23}},"16":{"start":{"line":35,"column":23},"end":{"line":35,"column":96}},"17":{"start":{"line":36,"column":4},"end":{"line":36,"column":26}}},"fnMap":{"0":{"name":"(anonymous_0)","decl":{"start":{"line":3,"column":2},"end":{"line":3,"column":3}},"loc":{"start":{"line":3,"column":22},"end":{"line":30,"column":3}},"line":3},"1":{"name":"(anonymous_1)","decl":{"start":{"line":32,"column":3},"end":{"line":32,"column":4}},"loc":{"start":{"line":32,"column":29},"end":{"line":37,"column":4}},"line":32}},"branchMap":{"0":{"loc":{"start":{"line":11,"column":10},"end":{"line":15,"column":7}},"type":"if","locations":[{"start":{"line":11,"column":10},"end":{"line":15,"column":7}},{"start":{"line":11,"column":10},"end":{"line":15,"column":7}}],"line":11},"1":{"loc":{"start":{"line":22,"column":6},"end":{"line":29,"column":7}},"type":"if","locations":[{"start":{"line":22,"column":6},"end":{"line":29,"column":7}},{"start":{"line":22,"column":6},"end":{"line":29,"column":7}}],"line":22}},"s":{"0":1,"1":2,"2":2,"3":2,"4":2,"5":0,"6":0,"7":0,"8":0,"9":0,"10":0,"11":0,"12":0,"13":0,"14":0,"15":0,"16":3,"17":3},"f":{"0":2,"1":3},"b":{"0":[0,0],"1":[0,0]},"_coverageSchema":"43e27e138ebf9cfc5966b082cf9a028302ed4184","hash":"929f6c11ea3ea042f1bd44dd573b76bb72dbb5fc"}
}
