{"C:\\Users\\Yndira\\Desktop\\proyecto luhn\\SCL014-card-validation\\src\\validator.js": {"path":"C:\\Users\\Yndira\\Desktop\\proyecto luhn\\SCL014-card-validation\\src\\validator.js","statementMap":{"0":{"start":{"line":1,"column":18},"end":{"line":59,"column":5}},"1":{"start":{"line":4,"column":29},"end":{"line":4,"column":30}},"2":{"start":{"line":5,"column":19},"end":{"line":5,"column":21}},"3":{"start":{"line":6,"column":16},"end":{"line":6,"column":18}},"4":{"start":{"line":7,"column":26},"end":{"line":7,"column":28}},"5":{"start":{"line":8,"column":19},"end":{"line":8,"column":20}},"6":{"start":{"line":10,"column":8},"end":{"line":17,"column":11}},"7":{"start":{"line":10,"column":19},"end":{"line":10,"column":20}},"8":{"start":{"line":11,"column":12},"end":{"line":16,"column":11}},"9":{"start":{"line":12,"column":14},"end":{"line":12,"column":44}},"10":{"start":{"line":15,"column":14},"end":{"line":15,"column":39}},"11":{"start":{"line":23,"column":8},"end":{"line":31,"column":9}},"12":{"start":{"line":23,"column":19},"end":{"line":23,"column":20}},"13":{"start":{"line":24,"column":12},"end":{"line":30,"column":9}},"14":{"start":{"line":25,"column":12},"end":{"line":25,"column":65}},"15":{"start":{"line":26,"column":12},"end":{"line":26,"column":39}},"16":{"start":{"line":29,"column":12},"end":{"line":29,"column":42}},"17":{"start":{"line":34,"column":18},"end":{"line":34,"column":46}},"18":{"start":{"line":34,"column":37},"end":{"line":34,"column":42}},"19":{"start":{"line":36,"column":19},"end":{"line":36,"column":56}},"20":{"start":{"line":36,"column":48},"end":{"line":36,"column":52}},"21":{"start":{"line":40,"column":7},"end":{"line":40,"column":49}},"22":{"start":{"line":43,"column":8},"end":{"line":50,"column":9}},"23":{"start":{"line":45,"column":12},"end":{"line":45,"column":24}},"24":{"start":{"line":49,"column":12},"end":{"line":49,"column":25}},"25":{"start":{"line":56,"column":25},"end":{"line":56,"column":98}},"26":{"start":{"line":57,"column":6},"end":{"line":57,"column":28}}},"fnMap":{"0":{"name":"(anonymous_0)","decl":{"start":{"line":3,"column":4},"end":{"line":3,"column":5}},"loc":{"start":{"line":3,"column":24},"end":{"line":51,"column":5}},"line":3},"1":{"name":"(anonymous_1)","decl":{"start":{"line":34,"column":29},"end":{"line":34,"column":30}},"loc":{"start":{"line":34,"column":37},"end":{"line":34,"column":42}},"line":34},"2":{"name":"(anonymous_2)","decl":{"start":{"line":36,"column":40},"end":{"line":36,"column":41}},"loc":{"start":{"line":36,"column":48},"end":{"line":36,"column":52}},"line":36},"3":{"name":"(anonymous_3)","decl":{"start":{"line":53,"column":5},"end":{"line":53,"column":6}},"loc":{"start":{"line":53,"column":31},"end":{"line":58,"column":6}},"line":53}},"branchMap":{"0":{"loc":{"start":{"line":11,"column":12},"end":{"line":16,"column":11}},"type":"if","locations":[{"start":{"line":11,"column":12},"end":{"line":16,"column":11}},{"start":{"line":11,"column":12},"end":{"line":16,"column":11}}],"line":11},"1":{"loc":{"start":{"line":24,"column":12},"end":{"line":30,"column":9}},"type":"if","locations":[{"start":{"line":24,"column":12},"end":{"line":30,"column":9}},{"start":{"line":24,"column":12},"end":{"line":30,"column":9}}],"line":24},"2":{"loc":{"start":{"line":43,"column":8},"end":{"line":50,"column":9}},"type":"if","locations":[{"start":{"line":43,"column":8},"end":{"line":50,"column":9}},{"start":{"line":43,"column":8},"end":{"line":50,"column":9}}],"line":43}},"s":{"0":1,"1":2,"2":2,"3":2,"4":2,"5":2,"6":2,"7":2,"8":25,"9":13,"10":12,"11":2,"12":2,"13":13,"14":3,"15":3,"16":10,"17":2,"18":12,"19":2,"20":13,"21":2,"22":2,"23":1,"24":1,"25":3,"26":3},"f":{"0":2,"1":12,"2":13,"3":3},"b":{"0":[13,12],"1":[3,10],"2":[1,1]},"_coverageSchema":"43e27e138ebf9cfc5966b082cf9a028302ed4184","hash":"76ec100ac34601e0e5ac3f42bab9f2db7a4dd615"}
}
