TN:
SF:C:\Users\Yndira\Desktop\proyecto luhn\SCL014-card-validation\src\validator.js
FN:3,(anonymous_0)
FN:34,(anonymous_1)
FN:36,(anonymous_2)
FN:53,(anonymous_3)
FNF:4
FNH:4
FNDA:2,(anonymous_0)
FNDA:12,(anonymous_1)
FNDA:13,(anonymous_2)
FNDA:3,(anonymous_3)
DA:1,1
DA:4,2
DA:5,2
DA:6,2
DA:7,2
DA:8,2
DA:10,2
DA:11,25
DA:12,13
DA:15,12
DA:23,2
DA:24,13
DA:25,3
DA:26,3
DA:29,10
DA:34,12
DA:36,13
DA:40,2
DA:43,2
DA:45,1
DA:49,1
DA:56,3
DA:57,3
LF:23
LH:23
BRDA:11,0,0,13
BRDA:11,0,1,12
BRDA:24,1,0,3
BRDA:24,1,1,10
BRDA:43,2,0,1
BRDA:43,2,1,1
BRF:6
BRH:6
end_of_record
